2026-02-19T02:50:39:    ▲ Next.js 15.2.3
2026-02-19T02:50:39:    - Local:        http://localhost:3100
2026-02-19T02:50:39:    - Network:      http://172.16.102.11:3100
2026-02-19T02:50:39: 
2026-02-19T02:50:39:  ✓ Starting...
2026-02-19T02:50:40:  ✓ Ready in 1553ms
2026-02-19T02:55:54:    ▲ Next.js 15.2.3
2026-02-19T02:55:54:    - Local:        http://localhost:3100
2026-02-19T02:55:54:    - Network:      http://172.16.102.11:3100
2026-02-19T02:55:54: 
2026-02-19T02:55:54:  ✓ Starting...
2026-02-19T02:55:55:  ✓ Ready in 1687ms
2026-02-19T02:58:28:    ▲ Next.js 15.2.3
2026-02-19T02:58:28:    - Local:        http://localhost:3100
2026-02-19T02:58:28:    - Network:      http://172.16.102.11:3100
2026-02-19T02:58:28: 
2026-02-19T02:58:28:  ✓ Starting...
2026-02-19T02:58:29:  ✓ Ready in 1108ms
2026-02-19T03:03:54:    ▲ Next.js 15.2.3
2026-02-19T03:03:54:    - Local:        http://localhost:3100
2026-02-19T03:03:54:    - Network:      http://172.16.103.200:3100
2026-02-19T03:03:54: 
2026-02-19T03:03:54:  ✓ Starting...
2026-02-19T03:03:55:  ✓ Ready in 1597ms
2026-02-19T03:04:29:    ▲ Next.js 15.2.3
2026-02-19T03:04:29:    - Local:        http://localhost:3100
2026-02-19T03:04:29:    - Network:      http://172.16.103.200:3100
2026-02-19T03:04:29: 
2026-02-19T03:04:29:  ✓ Starting...
2026-02-19T03:04:29:  ✓ Ready in 1219ms
